0 info it worked if it ends with ok
1 verbose cli [ '/usr/bin/node',
1 verbose cli   '/usr/bin/npm',
1 verbose cli   'install',
1 verbose cli   'karma-jusmine',
1 verbose cli   'karma-chrome-launcher',
1 verbose cli   '--save-dev' ]
2 info using npm@1.4.28
3 info using node@v0.10.38
4 verbose node symlink /usr/bin/node
5 verbose cache add [ 'karma-jusmine', null ]
6 verbose cache add name=undefined spec="karma-jusmine" args=["karma-jusmine",null]
7 verbose parsed url { protocol: null,
7 verbose parsed url   slashes: null,
7 verbose parsed url   auth: null,
7 verbose parsed url   host: null,
7 verbose parsed url   port: null,
7 verbose parsed url   hostname: null,
7 verbose parsed url   hash: null,
7 verbose parsed url   search: null,
7 verbose parsed url   query: null,
7 verbose parsed url   pathname: 'karma-jusmine',
7 verbose parsed url   path: 'karma-jusmine',
7 verbose parsed url   href: 'karma-jusmine' }
8 verbose cache add [ 'karma-chrome-launcher', null ]
9 verbose cache add name=undefined spec="karma-chrome-launcher" args=["karma-chrome-launcher",null]
10 verbose parsed url { protocol: null,
10 verbose parsed url   slashes: null,
10 verbose parsed url   auth: null,
10 verbose parsed url   host: null,
10 verbose parsed url   port: null,
10 verbose parsed url   hostname: null,
10 verbose parsed url   hash: null,
10 verbose parsed url   search: null,
10 verbose parsed url   query: null,
10 verbose parsed url   pathname: 'karma-chrome-launcher',
10 verbose parsed url   path: 'karma-chrome-launcher',
10 verbose parsed url   href: 'karma-chrome-launcher' }
11 silly lockFile f31d785e-karma-jusmine karma-jusmine
12 verbose lock karma-jusmine /home/vagrant/.npm/f31d785e-karma-jusmine.lock
13 silly lockFile 4f6bc915-karma-chrome-launcher karma-chrome-launcher
14 verbose lock karma-chrome-launcher /home/vagrant/.npm/4f6bc915-karma-chrome-launcher.lock
15 silly lockFile f31d785e-karma-jusmine karma-jusmine
16 silly lockFile f31d785e-karma-jusmine karma-jusmine
17 verbose addNamed [ 'karma-jusmine', '' ]
18 verbose addNamed [ null, '*' ]
19 silly lockFile edfe7adb-karma-jusmine karma-jusmine@
20 verbose lock karma-jusmine@ /home/vagrant/.npm/edfe7adb-karma-jusmine.lock
21 silly lockFile 4f6bc915-karma-chrome-launcher karma-chrome-launcher
22 silly lockFile 4f6bc915-karma-chrome-launcher karma-chrome-launcher
23 verbose addNamed [ 'karma-chrome-launcher', '' ]
24 verbose addNamed [ null, '*' ]
25 silly lockFile cd66acf6-karma-chrome-launcher karma-chrome-launcher@
26 verbose lock karma-chrome-launcher@ /home/vagrant/.npm/cd66acf6-karma-chrome-launcher.lock
27 silly addNameRange { name: 'karma-jusmine', range: '*', hasData: false }
28 verbose request where is /karma-jusmine
29 verbose request registry http://registry.npmjs.org/
30 verbose request id e520a2fe5070898a
31 verbose url raw /karma-jusmine
32 verbose url resolving [ 'http://registry.npmjs.org/', './karma-jusmine' ]
33 verbose url resolved http://registry.npmjs.org/karma-jusmine
34 verbose request where is http://registry.npmjs.org/karma-jusmine
35 info trying registry request attempt 1 at 16:43:12
36 http GET http://registry.npmjs.org/karma-jusmine
37 silly addNameRange { name: 'karma-chrome-launcher', range: '*', hasData: false }
38 verbose request where is /karma-chrome-launcher
39 verbose request registry http://registry.npmjs.org/
40 verbose url raw /karma-chrome-launcher
41 verbose url resolving [ 'http://registry.npmjs.org/', './karma-chrome-launcher' ]
42 verbose url resolved http://registry.npmjs.org/karma-chrome-launcher
43 verbose request where is http://registry.npmjs.org/karma-chrome-launcher
44 info trying registry request attempt 1 at 16:43:12
45 verbose etag "7SBUM18AQ875Q6AWWXQ3ZFH99"
46 http GET http://registry.npmjs.org/karma-chrome-launcher
47 http 304 http://registry.npmjs.org/karma-chrome-launcher
48 silly registry.get cb [ 304,
48 silly registry.get   { date: 'Tue, 19 May 2015 16:43:12 GMT',
48 silly registry.get     via: '1.1 varnish',
48 silly registry.get     'cache-control': 'max-age=60',
48 silly registry.get     etag: '"7SBUM18AQ875Q6AWWXQ3ZFH99"',
48 silly registry.get     age: '57',
48 silly registry.get     connection: 'keep-alive',
48 silly registry.get     'x-served-by': 'cache-lhr6335-LHR',
48 silly registry.get     'x-cache': 'HIT',
48 silly registry.get     'x-cache-hits': '2',
48 silly registry.get     'x-timer': 'S1432053792.322172,VS0,VE0',
48 silly registry.get     vary: 'Accept' } ]
49 verbose etag http://registry.npmjs.org/karma-chrome-launcher from cache
50 silly addNameRange number 2 { name: 'karma-chrome-launcher', range: '*', hasData: true }
51 silly addNameRange versions [ 'karma-chrome-launcher',
51 silly addNameRange   [ '0.0.1',
51 silly addNameRange     '0.0.2',
51 silly addNameRange     '0.1.0',
51 silly addNameRange     '0.1.1',
51 silly addNameRange     '0.1.2',
51 silly addNameRange     '0.1.3',
51 silly addNameRange     '0.1.4',
51 silly addNameRange     '0.1.5',
51 silly addNameRange     '0.1.6',
51 silly addNameRange     '0.1.7',
51 silly addNameRange     '0.1.8',
51 silly addNameRange     '0.1.9',
51 silly addNameRange     '0.1.10',
51 silly addNameRange     '0.1.11',
51 silly addNameRange     '0.1.12' ] ]
52 verbose addNamed [ 'karma-chrome-launcher', '0.1.12' ]
53 verbose addNamed [ '0.1.12', '0.1.12' ]
54 silly lockFile f5f807cc-karma-chrome-launcher-0-1-12 karma-chrome-launcher@0.1.12
55 verbose lock karma-chrome-launcher@0.1.12 /home/vagrant/.npm/f5f807cc-karma-chrome-launcher-0-1-12.lock
56 silly lockFile f5f807cc-karma-chrome-launcher-0-1-12 karma-chrome-launcher@0.1.12
57 silly lockFile f5f807cc-karma-chrome-launcher-0-1-12 karma-chrome-launcher@0.1.12
58 silly lockFile cd66acf6-karma-chrome-launcher karma-chrome-launcher@
59 silly lockFile cd66acf6-karma-chrome-launcher karma-chrome-launcher@
60 http 404 http://registry.npmjs.org/karma-jusmine
61 verbose headers { server: 'CouchDB/1.5.0 (Erlang OTP/R16B03)',
61 verbose headers   'content-type': 'application/json',
61 verbose headers   'cache-control': 'max-age=0',
61 verbose headers   'content-length': '51',
61 verbose headers   'accept-ranges': 'bytes',
61 verbose headers   date: 'Tue, 19 May 2015 16:43:12 GMT',
61 verbose headers   via: '1.1 varnish',
61 verbose headers   age: '0',
61 verbose headers   connection: 'keep-alive',
61 verbose headers   'x-served-by': 'cache-lhr6331-LHR',
61 verbose headers   'x-cache': 'MISS',
61 verbose headers   'x-cache-hits': '0',
61 verbose headers   'x-timer': 'S1432053792.321205,VS0,VE161' }
62 silly registry.get cb [ 404,
62 silly registry.get   { server: 'CouchDB/1.5.0 (Erlang OTP/R16B03)',
62 silly registry.get     'content-type': 'application/json',
62 silly registry.get     'cache-control': 'max-age=0',
62 silly registry.get     'content-length': '51',
62 silly registry.get     'accept-ranges': 'bytes',
62 silly registry.get     date: 'Tue, 19 May 2015 16:43:12 GMT',
62 silly registry.get     via: '1.1 varnish',
62 silly registry.get     age: '0',
62 silly registry.get     connection: 'keep-alive',
62 silly registry.get     'x-served-by': 'cache-lhr6331-LHR',
62 silly registry.get     'x-cache': 'MISS',
62 silly registry.get     'x-cache-hits': '0',
62 silly registry.get     'x-timer': 'S1432053792.321205,VS0,VE161' } ]
63 silly lockFile edfe7adb-karma-jusmine karma-jusmine@
64 silly lockFile edfe7adb-karma-jusmine karma-jusmine@
65 error 404 404 Not Found: karma-jusmine
65 error 404
65 error 404 'karma-jusmine' is not in the npm registry.
65 error 404 You should bug the author to publish it
65 error 404
65 error 404 Note that you can also install from a
65 error 404 tarball, folder, or http url, or git url.
66 error System Linux 3.2.0-23-generic
67 error command "/usr/bin/node" "/usr/bin/npm" "install" "karma-jusmine" "karma-chrome-launcher" "--save-dev"
68 error cwd /var/www/webProjects/karma
69 error node -v v0.10.38
70 error npm -v 1.4.28
71 error code E404
72 verbose exit [ 1, true ]
